E:\GITTEST\PROJECT1\PROJECT1\DEBUG\源.OBJ
E:\GITTEST\PROJECT1\PROJECT1\DEBUG\VC110.PDB
E:\GITTEST\PROJECT1\DEBUG\PROJECT1.ILK
E:\GITTEST\PROJECT1\DEBUG\PROJECT1.EXE
E:\GITTEST\PROJECT1\DEBUG\PROJECT1.PDB
E:\GitTest\Project1\Project1\Debug\源.obj
E:\GitTest\Project1\Project1\Debug\cl.command.1.tlog
E:\GitTest\Project1\Project1\Debug\CL.read.1.tlog
E:\GitTest\Project1\Project1\Debug\CL.write.1.tlog
E:\GitTest\Project1\Project1\Debug\link-cvtres.read.1.tlog
E:\GitTest\Project1\Project1\Debug\link-cvtres.write.1.tlog
E:\GitTest\Project1\Project1\Debug\link-rc.read.1.tlog
E:\GitTest\Project1\Project1\Debug\link-rc.write.1.tlog
E:\GitTest\Project1\Project1\Debug\link.command.1.tlog
E:\GitTest\Project1\Project1\Debug\link.read.1.tlog
E:\GitTest\Project1\Project1\Debug\link.write.1.tlog
E:\GitTest\Project1\Project1\Debug\vc110.idb
E:\GitTest\Project1\Project1\Debug\vc110.pdb
E:\GitTest\Project1\Debug\Project1.pdb
E:\GitTest\Project1\Debug\Project1.exe
E:\GitTest\Project1\Debug\Project1.ilk
